Q-Chem scratch defaults to /easley/scratch/users/mfricke. Override QCSCRATCH
and optionally QCLOCALSCR/QCTMPDIR in your job script to use a different
location. 
To request GPUs, add --gpus-per-node X or --gpus X, where X is the desired number of GPUs.
Job 504608 running on easley[013-014]
You are running Q-Chem version: 6.4.0-1
withsave === 1

#
# job setting
#
local host:  easley013
current dir: /carc/scratch/projects/mfricke/mfricke2016402/test-programs/q-chem/run-6.4-mpi-504608
input file:  /carc/scratch/projects/mfricke/mfricke2016402/test-programs/q-chem/mbe_bsse_4water_mpi.in
output file: /carc/scratch/projects/mfricke/mfricke2016402/test-programs/q-chem/run-6.4-mpi-504608/mbe_bsse_4water_mpi.out
nprocs     : 2
nthreads   : 4
#
# qchem installation setting
#
QC:          /opt/local/q-chem/6.4/cpu
QCAUX:       /opt/local/q-chem/6.4/cpu/qcaux
QCPROG:      /opt/local/q-chem/6.4/cpu/exe/qcprog.exe
QCPROG_S:    /opt/local/q-chem/6.4/cpu/exe/qcprog.exe_s
PARALLEL:    -DPARALLEL
QCMPI:       slurm
#
# qchem directory setting
#
qcrun:       run-6.4-mpi-504608
QCSCRATCH:   /easley/scratch/users/mfricke
QCLOCALSCR:  /tmp/qchem-mfricke-504608
QCTMPDIR:    /tmp/qchem-mfricke-504608
QCFILEPREF:  /tmp/qchem-mfricke-504608/run-6.4-mpi-504608
QCSAVEDIR:   /easley/scratch/users/mfricke/run-6.4-mpi-504608
workdirs:    /tmp/qchem-mfricke-504608/run-6.4-mpi-504608.0 -- /tmp/qchem-mfricke-504608/run-6.4-mpi-504608.1
workdir0:    /tmp/qchem-mfricke-504608/run-6.4-mpi-504608.0
partmpdirs =  
#
# parallel setting
#
Warning: more nodes requested than necessary
QCRSH:           ssh
QCMPI:           slurm
QCMPIRUN:        srun
QCMACHINEFILE:   /tmp/INjpUrP3Xb
easley013
easley014

#
# env setting
#
exported envs:   QC QCAUX QCSCRATCH QCRUNNAME QCFILEPREF QCPROG QCPROG_S GUIFILE
copy savedir ...
savedir source /tmp/qchem-mfricke-504608/run-6.4-mpi-504608.0 is empty; skipping copy
