You are running Q-Chem version: 6.4.0-1
withsave === 1

#
# job setting
#
local host:  easley001
current dir: /carc/scratch/projects/mfricke/mfricke2016402/test-programs/q-chem/run-6.4-mpi-low-504219
input file:  /carc/scratch/projects/mfricke/mfricke2016402/test-programs/q-chem/mbe_force_dft_mpi.in
output file: /carc/scratch/projects/mfricke/mfricke2016402/test-programs/q-chem/run-6.4-mpi-low-504219/mbe_force_dft_mpi.out
nprocs     : 2
nthreads   : 4
#
# qchem installation setting
#
QC:          /opt/local/q-chem/6.4/cpu
QCAUX:       /opt/local/q-chem/6.4/cpu/qcaux
QCPROG:      /opt/local/q-chem/6.4/cpu/exe/qcprog.exe
QCPROG_S:    /opt/local/q-chem/6.4/cpu/exe/qcprog.exe_s
PARALLEL:    -DPARALLEL
QCMPI:       slurm
#
# qchem directory setting
#
qcrun:       /carc/scratch/projects/mfricke/mfricke2016402/test-programs/q-chem/run-6.4-mpi-low-504219/scratch
QCSCRATCH:   /easley/scratch/users/mfricke
QCLOCALSCR:  
QCTMPDIR:    /easley/scratch/users/mfricke
QCFILEPREF:  /easley/scratch/users/mfricke//carc/scratch/projects/mfricke/mfricke2016402/test-programs/q-chem/run-6.4-mpi-low-504219/scratch
QCSAVEDIR:   /easley/scratch/users/mfricke//carc/scratch/projects/mfricke/mfricke2016402/test-programs/q-chem/run-6.4-mpi-low-504219/scratch
workdirs:    /easley/scratch/users/mfricke//carc/scratch/projects/mfricke/mfricke2016402/test-programs/q-chem/run-6.4-mpi-low-504219/scratch.0 -- /easley/scratch/users/mfricke//carc/scratch/projects/mfricke/mfricke2016402/test-programs/q-chem/run-6.4-mpi-low-504219/scratch.1
workdir0:    /easley/scratch/users/mfricke//carc/scratch/projects/mfricke/mfricke2016402/test-programs/q-chem/run-6.4-mpi-low-504219/scratch.0
partmpdirs =  
#
# parallel setting
#
Warning: more nodes requested than necessary
QCRSH:           ssh
QCMPI:           slurm
QCMPIRUN:        srun
QCMACHINEFILE:   /tmp/gteKDA56wo
easley001
easley002

#
# env setting
#
exported envs:   QC QCAUX QCSCRATCH QCRUNNAME QCFILEPREF QCPROG QCPROG_S GUIFILE
terminate called after throwing an instance of 'libstore::file_error'
  what():  Problem when trying to open or create /easley/scratch/users/mfricke//carc/scratch/projects/mfricke/mfricke2016402/test-programs/q-chem/run-6.4-mpi-low-504219/scratch/qarchive.h5: Unable to create file /easley/scratch/users/mfricke//carc/scratch/projects/mfricke/mfricke2016402/test-programs/q-chem/run-6.4-mpi-low-504219/scratch/qarchive.h5 (File accessibility) Unable to open file
The metadata in the file header may be corrupt.

srun: error: easley002: task 1: Aborted (core dumped)
srun: Job step aborted: Waiting up to 32 seconds for job step to finish.
slurmstepd: error: *** STEP 504219.0 ON easley001 CANCELLED AT 2026-05-28T20:54:58 ***
slurmstepd: error: *** JOB 504219 ON easley001 CANCELLED AT 2026-05-28T20:54:58 ***
