Q-Chem scratch defaults to /easley/scratch/users/mfricke. Override QCSCRATCH
and optionally QCLOCALSCR/QCTMPDIR in your job script to use a different
location. 
To request GPUs, add --gpus-per-node X or --gpus X, where X is the desired number of GPUs.
Job 504481 running on easley[002,050]
You are running Q-Chem version: 6.4.0-1
withsave === 1

#
# job setting
#
local host:  easley002
current dir: /carc/scratch/projects/mfricke/mfricke2016402/test-programs/q-chem/run-6.4-mpi-504481
input file:  /carc/scratch/projects/mfricke/mfricke2016402/test-programs/q-chem/mbe_bsse_4water_mpi.in
output file: /carc/scratch/projects/mfricke/mfricke2016402/test-programs/q-chem/run-6.4-mpi-504481/mbe_bsse_4water_mpi.out
nprocs     : 2
nthreads   : 4
#
# qchem installation setting
#
QC:          /opt/local/q-chem/6.4/cpu
QCAUX:       /opt/local/q-chem/6.4/cpu/qcaux
QCPROG:      /opt/local/q-chem/6.4/cpu/exe/qcprog.exe
QCPROG_S:    /opt/local/q-chem/6.4/cpu/exe/qcprog.exe_s
PARALLEL:    -DPARALLEL
QCMPI:       slurm
#
# qchem directory setting
#
qcrun:       /carc/scratch/projects/mfricke/mfricke2016402/test-programs/q-chem/run-6.4-mpi-504481/scratch
QCSCRATCH:   /easley/scratch/users/mfricke
QCLOCALSCR:  /tmp/qchem-mfricke-504481
QCTMPDIR:    /tmp/qchem-mfricke-504481
QCFILEPREF:  /tmp/qchem-mfricke-504481//carc/scratch/projects/mfricke/mfricke2016402/test-programs/q-chem/run-6.4-mpi-504481/scratch
QCSAVEDIR:   /easley/scratch/users/mfricke//carc/scratch/projects/mfricke/mfricke2016402/test-programs/q-chem/run-6.4-mpi-504481/scratch
workdirs:    /tmp/qchem-mfricke-504481//carc/scratch/projects/mfricke/mfricke2016402/test-programs/q-chem/run-6.4-mpi-504481/scratch.0 -- /tmp/qchem-mfricke-504481//carc/scratch/projects/mfricke/mfricke2016402/test-programs/q-chem/run-6.4-mpi-504481/scratch.1
workdir0:    /tmp/qchem-mfricke-504481//carc/scratch/projects/mfricke/mfricke2016402/test-programs/q-chem/run-6.4-mpi-504481/scratch.0
partmpdirs =  
#
# parallel setting
#
Warning: more nodes requested than necessary
QCRSH:           ssh
QCMPI:           slurm
QCMPIRUN:        srun
QCMACHINEFILE:   /tmp/tnUPn282lX
easley002
easley050

#
# env setting
#
exported envs:   QC QCAUX QCSCRATCH QCRUNNAME QCFILEPREF QCPROG QCPROG_S GUIFILE
srun: error: easley050: task 1: Exited with exit code 1
copy savedir ...
cp: cannot stat '/tmp/qchem-mfricke-504481//carc/scratch/projects/mfricke/mfricke2016402/test-programs/q-chem/run-6.4-mpi-504481/scratch.0/*': No such file or directory
