Q-Chem scratch defaults to /easley/scratch/users/mfricke. Override QCSCRATCH
and optionally QCLOCALSCR/QCTMPDIR in your job script to use a different
location. 
You are running Q-Chem version: 6.4.0-1
withsave === 1

#
# job setting
#
local host:  easley053
current dir: /carc/scratch/projects/mfricke/mfricke2016402/test-programs/q-chem/run-6.4-h100-504477
input file:  /carc/scratch/projects/mfricke/mfricke2016402/test-programs/q-chem/sos_ch2ch2_gpu.in
output file: /carc/scratch/projects/mfricke/mfricke2016402/test-programs/q-chem/run-6.4-h100-504477/sos_ch2ch2_gpu.out
nprocs     : 1
nthreads   : 8
#
# qchem installation setting
#
QC:          /opt/local/q-chem/6.4/cuda
QCAUX:       /opt/local/q-chem/6.4/cuda/qcaux
QCPROG:      /opt/local/q-chem/6.4/cuda/exe/qcprog.exe_s
QCPROG_S:    /opt/local/q-chem/6.4/cuda/exe/qcprog.exe_s
PARALLEL:    -DSERIAL
QCMPI:       seq
#
# qchem directory setting
#
qcrun:       /carc/scratch/projects/mfricke/mfricke2016402/test-programs/q-chem/run-6.4-h100-504477/scratch
QCSCRATCH:   /easley/scratch/users/mfricke
QCLOCALSCR:  
QCTMPDIR:    /easley/scratch/users/mfricke
QCFILEPREF:  /easley/scratch/users/mfricke//carc/scratch/projects/mfricke/mfricke2016402/test-programs/q-chem/run-6.4-h100-504477/scratch
QCSAVEDIR:   /easley/scratch/users/mfricke//carc/scratch/projects/mfricke/mfricke2016402/test-programs/q-chem/run-6.4-h100-504477/scratch
workdirs:    /easley/scratch/users/mfricke//carc/scratch/projects/mfricke/mfricke2016402/test-programs/q-chem/run-6.4-h100-504477/scratch
workdir0:    /easley/scratch/users/mfricke//carc/scratch/projects/mfricke/mfricke2016402/test-programs/q-chem/run-6.4-h100-504477/scratch
partmpdirs =  
#
# parallel setting
#
The number of nodes requested is optimal
QCRSH:           ssh
QCMPI:           seq
QCMPIRUN:        
QCMACHINEFILE:   /tmp/iMcgvnL3jo
easley053

#
# env setting
#
exported envs:   QC QCAUX QCSCRATCH QCRUNNAME QCFILEPREF QCPROG QCPROG_S GUIFILE
