Q-Chem scratch defaults to /carc/scratch/users/mfricke. Override QCSCRATCH and
optionally QCLOCALSCR/QCTMPDIR in your job script to use a different location. 
You are running Q-Chem version: 6.4.0-1
withsave === 1

#
# job setting
#
local host:  hopper011
current dir: /carc/scratch/projects/mfricke/mfricke2016402/test-programs/q-chem/run-6.4-shm-4234750
input file:  /carc/scratch/projects/mfricke/mfricke2016402/test-programs/q-chem/water_b3lyp.in
output file: /carc/scratch/projects/mfricke/mfricke2016402/test-programs/q-chem/run-6.4-shm-4234750/water_b3lyp.out
nprocs     : 1
nthreads   : 4
#
# qchem installation setting
#
QC:          /opt/local/q-chem/6.4/cpu
QCAUX:       /opt/local/q-chem/6.4/cpu/qcaux
QCPROG:      /opt/local/q-chem/6.4/cpu/exe/qcprog.exe_s
QCPROG_S:    /opt/local/q-chem/6.4/cpu/exe/qcprog.exe_s
PARALLEL:    -DSERIAL
QCMPI:       seq
#
# qchem directory setting
#
qcrun:       /carc/scratch/projects/mfricke/mfricke2016402/test-programs/q-chem/run-6.4-shm-4234750/scratch
QCSCRATCH:   /carc/scratch/users/mfricke
QCLOCALSCR:  
QCTMPDIR:    /carc/scratch/users/mfricke
QCFILEPREF:  /carc/scratch/users/mfricke//carc/scratch/projects/mfricke/mfricke2016402/test-programs/q-chem/run-6.4-shm-4234750/scratch
QCSAVEDIR:   /carc/scratch/users/mfricke//carc/scratch/projects/mfricke/mfricke2016402/test-programs/q-chem/run-6.4-shm-4234750/scratch
workdirs:    /carc/scratch/users/mfricke//carc/scratch/projects/mfricke/mfricke2016402/test-programs/q-chem/run-6.4-shm-4234750/scratch
workdir0:    /carc/scratch/users/mfricke//carc/scratch/projects/mfricke/mfricke2016402/test-programs/q-chem/run-6.4-shm-4234750/scratch
partmpdirs =  
#
# parallel setting
#
The number of nodes requested is optimal
QCRSH:           ssh
QCMPI:           seq
QCMPIRUN:        
QCMACHINEFILE:   /tmp/BHPEWujaZ3
hopper011

#
# env setting
#
exported envs:   QC QCAUX QCSCRATCH QCRUNNAME QCFILEPREF QCPROG QCPROG_S GUIFILE
Error in Q-Chem run part 1
