                   :-) GROMACS - gmx mdrun, 2026.0-spack (-:

Copyright 1991-2026 The GROMACS Authors.
GROMACS is free software; you can redistribute it and/or modify it
under the terms of the GNU Lesser General Public License
as published by the Free Software Foundation; either version 2.1
of the License, or (at your option) any later version.

                         Current GROMACS contributors:
       Mark Abraham           Andrey Alekseenko           Brian Andrews       
        Paul Bauer              Cathrine Bergh              Hugh Bird         
      Eliane Briand               Ania Brown                Yiqi Chen         
      Mahesh Doijade            Giacomo Fiorin          Stefan Fleischmann    
      Sergey Gorelov         Gilles Gouaillardet            Alan Gray         
   Farzaneh Jalalypour         Petter Johansson          Carsten Kutzner      
    Grzegorz Łazarski         Justin A. Lemkul          Magnus Lundborg      
        Julio Maia               Pascal Merz             Vedran Miletić      
      Dmitry Morozov           Lukas Müllender           Szilárd Páll      
 Andrea Pasquadibisceglie     Michele Pellegrino         Nicola Piasentin     
     Daniele Rapetti         Muhammad Umair Sadiq         Hubert Santuz       
      Michael Shirts           Tatiana Shugaeva          Alexey Shvetsov      
     Bálint Soproni            Philip Turner            Alessandra Villa     
        Yang Zhang        

                         Previous GROMACS contributors:
        Emile Apol             Rossen Apostolov           James Barnett       
      Vladimir Basov        Herman J.C. Berendsen          Par Bjelkmar       
      Christian Blau          Viacheslav Bolnykh            Kevin Boyd        
    Aldert van Buuren          Carlo Camilloni           Rudi van Drunen      
      Anton Feenstra           Oliver Fleetwood            Vytas Gapsys       
       Gaurav Garg             Gerrit Groenhof            Bert de Groot       
      Anca Hamuraru           Vincent Hindriksen          Victor Holanda      
     M. Eric Irrgang           Aleksei Iupinov              Joe Jordan        
    Christoph Junghans        Prashanth Kanduri        Dimitrios Karkoulis    
       Peter Kasson             Sebastian Kehl           Sebastian Keller     
        Jiri Kraus               Per Larsson              Viveca Lindahl      
      Erik Marklund           Pieter Meulenhoff           Teemu Murtola       
       Julien Nabet              Sander Pronk             Roland Schulz       
      Alfons Sijbers         David van der Spoel          Peter Tieleman      
      Carsten Uphoff             Jon Vincent             Teemu Virolainen     
    Christian Wennberg     Sebastian Wingbermühle         Maarten Wolf       
      Artem Zhmurov       

                  Coordinated by the GROMACS project leaders:
                           Berk Hess and Erik Lindahl

GROMACS:      gmx mdrun, version 2026.0-spack
Executable:   /opt/spack/opt/spack/linux-sapphirerapids/gromacs-2026.0-itpuw73l3vunxnrgbhmkfaq5y5nwfa7p/bin/gmx_mpi
Data prefix:  /opt/spack/opt/spack/linux-sapphirerapids/gromacs-2026.0-itpuw73l3vunxnrgbhmkfaq5y5nwfa7p
Working dir:  /carc/scratch/projects/mfricke/mfricke2016402/test-programs/gromacs/run-2026.0-itpu-500513
Process ID:   609124
Command line:
  gmx_mpi mdrun -deffnm em -ntomp 8

GROMACS version:     2026.0-spack
Precision:           mixed
Memory model:        64 bit
MPI library:         MPI
MPI version:         Open MPI v4.1.7, package: Open MPI tredfear@easley-sn Distribution, ident: 4.1.7, repo rev: v4.1.7, Oct 31, 2024
OpenMP support:      enabled (GMX_OPENMP_MAX_THREADS = 128)
GPU support:         disabled
SIMD instructions:   AVX_512
CPU FFT library:     fftw-3.3.10-sse2-avx-avx2-avx2_128-avx512
GPU FFT library:     none
Multi-GPU FFT:       none
RDTSCP:              enabled
TNG support:         enabled
Hwloc support:       hwloc-2.11.1
Tracing support:     disabled
Colvars support:     enabled (version 2025-10-13)
CP2K support:        disabled
Torch support:       disabled
Plumed support:      disabled
C compiler:          /opt/spack/opt/spack/linux-sapphirerapids/compiler-wrapper-1.0-zj7feeimvjmurvaayiywabofzwv27fyp/libexec/spack/gcc/gcc GNU 14.2.0
C compiler flags:    -fexcess-precision=fast -funroll-all-loops -march=skylake-avx512 -Wno-missing-field-initializers -O3 -DNDEBUG
C++ compiler:        /opt/spack/opt/spack/linux-sapphirerapids/compiler-wrapper-1.0-zj7feeimvjmurvaayiywabofzwv27fyp/libexec/spack/gcc/g++ GNU 14.2.0
C++ compiler flags:  -fexcess-precision=fast -funroll-all-loops -march=skylake-avx512 -Wno-missing-field-initializers -Wno-old-style-cast -Wno-cast-qual -Wno-suggest-override -Wno-suggest-destructor-override -Wno-zero-as-null-pointer-constant -Wno-cast-function-type-strict SHELL:-fopenmp -O3 -DNDEBUG
BLAS library:        External - user-supplied
LAPACK library:      External - user-supplied


Running on 2 nodes with total 16 cores, 16 processing units
  Cores per node:            8
  Logical processing units per node:    8
  OS CPU Limit / recommended threads to start per node:    8
Hardware detected on host easley004 (the node of MPI rank 0):
  CPU info:
    Vendor: Intel
    Brand:  Intel(R) Xeon(R) Gold 6438Y+
    Family: 6   Model: 143   Stepping: 8
    Features: aes apic avx avx2 avx512f avx512cd avx512bw avx512vl avx512bf16 avx512secondFMA clfsh cmov cx8 cx16 f16c fma htt intel lahf mmx msr nonstop_tsc pcid pclmuldq pdcm pdpe1gb popcnt pse rdrnd rdtscp sha sse2 sse3 sse4.1 sse4.2 ssse3 tdt x2apic
    Number of AVX-512 FMA units: 2
  Hardware topology: Full, with devices
    Packages, cores, and logical processors:
    [indices refer to OS logical processors]
      Package  0: [  48] [  50] [  52] [  54] [  56] [  58] [  60] [  62]
      Package  1:
    CPU limit set by OS: -1   Recommended max number of threads: 8
    Numa nodes:
      Node  0 (134707232768 bytes mem):  48  50  52  54  56  58  60  62
      Node  1 (129985327104 bytes mem):
      Latency:
               0     1
         0  1.00  2.10
         1  2.10  1.00
    Caches:
      L1: 49152 bytes, linesize 64 bytes, assoc. 12, shared 1 ways
      L2: 2097152 bytes, linesize 64 bytes, assoc. 16, shared 1 ways
      L3: 62914560 bytes, linesize 64 bytes, assoc. 15, shared 8 ways
    PCI devices:
      0000:01:00.0  Id: 14e4:165f  Class: 0x0200  Numa: 0
      0000:03:00.0  Id: 102b:0536  Class: 0x0300  Numa: 0
      0000:00:18.0  Id: 8086:1bf2  Class: 0x0106  Numa: 0
      0000:00:19.0  Id: 8086:1bd2  Class: 0x0106  Numa: 0
      0000:17:00.0  Id: 15b3:1021  Class: 0x0207  Numa: 0
      0000:3e:00.0  Id: 14e4:165f  Class: 0x0200  Numa: 0
      0000:3e:00.1  Id: 14e4:165f  Class: 0x0200  Numa: 0
      0000:3d:00.0  Id: 14e4:165f  Class: 0x0200  Numa: 0
      0000:3d:00.1  Id: 14e4:165f  Class: 0x0200  Numa: 0
      0000:76:00.0  Id: 8086:4942  Class: 0x0b40  Numa: 0
      0000:78:00.0  Id: 8086:2710  Class: 0x0b40  Numa: 0
      0000:f3:00.0  Id: 8086:4942  Class: 0x0b40  Numa: 1
      0000:f5:00.0  Id: 8086:2710  Class: 0x0b40  Numa: 1


++++ PLEASE READ AND CITE THE FOLLOWING REFERENCE ++++
M. J. Abraham, T. Murtola, R. Schulz, S. Páll, J. C. Smith, B. Hess, E.
Lindahl
GROMACS: High performance molecular simulations through multi-level
parallelism from laptops to supercomputers
SoftwareX (2015)
https://doi.org/10.1016/j.softx.2015.06.001
-------- -------- --- Thank You --- -------- --------


++++ PLEASE READ AND CITE THE FOLLOWING REFERENCE ++++
S. Páll, M. J. Abraham, C. Kutzner, B. Hess, E. Lindahl
Tackling Exascale Software Challenges in Molecular Dynamics Simulations with
GROMACS
In S. Markidis & E. Laure (Eds.), Solving Software Challenges for Exascale (2015)
https://doi.org/10.1007/978-3-319-15976-8_1
-------- -------- --- Thank You --- -------- --------


++++ PLEASE READ AND CITE THE FOLLOWING REFERENCE ++++
S. Pronk, S. Páll, R. Schulz, P. Larsson, P. Bjelkmar, R. Apostolov, M. R.
Shirts, J. C. Smith, P. M. Kasson, D. van der Spoel, B. Hess, E. Lindahl
GROMACS 4.5: a high-throughput and highly parallel open source molecular
simulation toolkit
Bioinformatics (2013)
https://doi.org/10.1093/bioinformatics/btt055
-------- -------- --- Thank You --- -------- --------


++++ PLEASE READ AND CITE THE FOLLOWING REFERENCE ++++
B. Hess, C. Kutzner, D. van der Spoel, E. Lindahl
GROMACS 4: Algorithms for highly efficient, load-balanced, and scalable
molecular simulation
J. Chem. Theory Comput. (2008)
https://doi.org/10.1021/ct700301q
-------- -------- --- Thank You --- -------- --------


++++ PLEASE READ AND CITE THE FOLLOWING REFERENCE ++++
D. van der Spoel, E. Lindahl, B. Hess, G. Groenhof, A. E. Mark, H. J. C.
Berendsen
GROMACS: Fast, Flexible and Free
J. Comp. Chem. (2005)
https://doi.org/10.1002/jcc.20291
-------- -------- --- Thank You --- -------- --------


++++ PLEASE READ AND CITE THE FOLLOWING REFERENCE ++++
E. Lindahl, B. Hess, D. van der Spoel
GROMACS 3.0: A package for molecular simulation and trajectory analysis
J. Mol. Mod. (2001)
https://doi.org/10.1007/s008940100045
-------- -------- --- Thank You --- -------- --------


++++ PLEASE READ AND CITE THE FOLLOWING REFERENCE ++++
H. J. C. Berendsen, D. van der Spoel and R. van Drunen
GROMACS: A message-passing parallel molecular dynamics implementation
Comp. Phys. Comm. (1995)
https://doi.org/10.1016/0010-4655(95)00042-E
-------- -------- --- Thank You --- -------- --------

Input Parameters:
   integrator                     = steep
   tinit                          = 0
   dt                             = 0.001
   nsteps                         = 10
   init-step                      = 0
   simulation-part                = 1
   mts                            = false
   mass-repartition-factor        = 1
   comm-mode                      = Linear
   nstcomm                        = 100
   bd-fric                        = 0
   ld-seed                        = -600946689
   emtol                          = 1000
   emstep                         = 0.01
   niter                          = 20
   fcstep                         = 0
   nstcgsteep                     = 1000
   nbfgscorr                      = 10
   rtpi                           = 0.05
   nstxout                        = 0
   nstvout                        = 0
   nstfout                        = 0
   nstlog                         = 1000
   nstcalcenergy                  = 100
   nstenergy                      = 1000
   nstxout-compressed             = 0
   compressed-x-precision         = 1000
   cutoff-scheme                  = Verlet
   nstlist                        = 10
   pbc                            = xyz
   periodic-molecules             = false
   verlet-buffer-tolerance        = 0.005
   verlet-buffer-pressure-tolerance = 0.5
   rlist                          = 1.26
   coulombtype                    = PME
   coulomb-modifier               = Potential-shift
   rcoulomb-switch                = 0
   rcoulomb                       = 1.2
   epsilon-r                      = 1
   epsilon-rf                     = inf
   vdw-type                       = Cut-off
   vdw-modifier                   = Potential-shift
   rvdw-switch                    = 0
   rvdw                           = 1.2
   DispCorr                       = No
   table-extension                = 1
   fourierspacing                 = 0.12
   fourier-nx                     = 32
   fourier-ny                     = 32
   fourier-nz                     = 32
   pme-order                      = 4
   ewald-rtol                     = 1e-05
   ewald-rtol-lj                  = 0.001
   lj-pme-comb-rule               = Geometric
   ewald-geometry                 = 3d
   epsilon-surface                = 0
   ensemble-temperature-setting   = not available
   tcoupl                         = No
   nsttcouple                     = -1
   nh-chain-length                = 0
   print-nose-hoover-chain-variables = false
   pcoupl                         = No
   refcoord-scaling               = No
   posres-com: not available
   posres-comB: not available
   QMMM                           = false
qm-opts:
   ngQM                           = 0
   constraint-algorithm           = Lincs
   continuation                   = false
   Shake-SOR                      = false
   shake-tol                      = 0.0001
   lincs-order                    = 4
   lincs-iter                     = 1
   lincs-warnangle                = 30
   nwall                          = 0
   wall-type                      = 9-3
   wall-r-linpot                  = -1
   wall-atomtype[0]               = -1
   wall-atomtype[1]               = -1
   wall-density[0]                = 0
   wall-density[1]                = 0
   wall-ewald-zfac                = 3
   pull                           = false
   awh                            = false
   rotation                       = false
   interactiveMD                  = false
   disre                          = No
   disre-weighting                = Conservative
   disre-mixed                    = false
   dr-fc                          = 1000
   dr-tau                         = 0
   nstdisreout                    = 100
   orire-fc                       = 0
   orire-tau                      = 0
   nstorireout                    = 100
   free-energy                    = no
   cos-acceleration               = 0
   deform (3x3):
      deform[    0]={ 0.00000e+00,  0.00000e+00,  0.00000e+00}
      deform[    1]={ 0.00000e+00,  0.00000e+00,  0.00000e+00}
      deform[    2]={ 0.00000e+00,  0.00000e+00,  0.00000e+00}
   simulated-tempering            = false
   swapcoords                     = no
   userint1                       = 0
   userint2                       = 0
   userint3                       = 0
   userint4                       = 0
   userreal1                      = 0
   userreal2                      = 0
   userreal3                      = 0
   userreal4                      = 0
   applied-forces:
     electric-field:
       x:
         E0                       = 0
         omega                    = 0
         t0                       = 0
         sigma                    = 0
       y:
         E0                       = 0
         omega                    = 0
         t0                       = 0
         sigma                    = 0
       z:
         E0                       = 0
         omega                    = 0
         t0                       = 0
         sigma                    = 0
     density-guided-simulation:
       active                     = false
       group                      = protein
       similarity-measure         = inner-product
       atom-spreading-weight      = unity
       force-constant             = 1e+09
       gaussian-transform-spreading-width = 0.2
       gaussian-transform-spreading-range-in-multiples-of-width = 4
       reference-density-filename = reference.mrc
       nst                        = 1
       normalize-densities        = true
       adaptive-force-scaling     = false
       adaptive-force-scaling-time-constant = 4
       shift-vector               = 
       transformation-matrix      = 
     qmmm-cp2k:
       active                     = false
       qmgroup                    = System
       qmmethod                   = PBE
       qmfilenames                = 
       qmcharge                   = 0
       qmmultiplicity             = 1
     colvars:
       active                     = false
       configfile                 = 
       seed                       = -1
     nnpot:
       active                     = false
       modelfile                  = model.pt
       input-group                = System
       link-type                  = H
       link-distance              = 0.1
       pair-cutoff                = 0
       embedding                  = mechanical
       nnp-charge                 = 0
       model-input1               = 
       model-input2               = 
       model-input3               = 
       model-input4               = 
       model-input5               = 
       model-input6               = 
       model-input7               = 
       model-input8               = 
       model-input9               = 
   fast-multipole-method:
     fmm:
       backend                    = inactive
       exafmm-order               = 6
       exafmm-direct-range        = 2
       exafmm-direct-provider     = GROMACS
       exafmm-tree-type           = uniform
       exafmm-tree-depth          = 0
       exafmm-max-particles-per-cell = 0
       fmsolvr-order              = 8
       fmsolvr-direct-range       = 1
       fmsolvr-direct-provider    = FMM
       fmsolvr-dipole-compensation = true
       fmsolvr-tree-depth         = 3
       fmsolvr-sparse             = false
grpopts:
   nrdf:          29
   ref-t:           0
   tau-t:           0
annealing:          No
annealing-npoints:           0
   acc:	           0           0           0
   nfreeze:           N           N           N
   energygrp-flags[  0]: 0


Initializing Domain Decomposition on 2 ranks
NOTE: disabling dynamic load balancing as it is only supported with dynamics, not with integrator 'steep'.
Dynamic load balancing: off
Using update groups, nr 6, average size 2.2 atoms, max. radius 0.139 nm
Minimum cell size due to atom displacement: 0.060 nm
Initial maximum distances in bonded interactions:
    two-body bonded interactions: 0.368 nm, LJ-14, atoms 1 13
  multi-body bonded interactions: 0.368 nm, Proper Dih., atoms 1 13
Minimum cell size due to bonded interactions: 0.404 nm
Using 0 separate PME ranks because: there are too few total ranks for efficient splitting
Optimizing the DD grid for 2 cells with a minimum initial size of 0.404 nm
The maximum allowed number of cells is: X 8 Y 8 Z 8
Domain decomposition grid 2 x 1 x 1, separate PME ranks 0
PME domain decomposition: 2 x 1 x 1
Domain decomposition rank 0, coordinates 0 0 0

The initial number of communication pulses is: X 1
The initial domain decomposition cell size is: X 1.72 nm

The maximum allowed distance for atom groups involved in interactions is:
                 non-bonded interactions           1.538 nm
            two-body bonded interactions  (-rdd)   1.538 nm
          multi-body bonded interactions  (-rdd)   1.538 nm

Local state does not use filler particles

Using 2 MPI processes

Non-default thread affinity set, disabling internal thread affinity

Using 8 OpenMP threads per MPI process

System total charge: -0.000
Will do PME sum in reciprocal space for electrostatic interactions.

++++ PLEASE READ AND CITE THE FOLLOWING REFERENCE ++++
U. Essmann, L. Perera, M. L. Berkowitz, T. Darden, H. Lee, L. G. Pedersen 
A smooth particle mesh Ewald method
J. Chem. Phys. (1995)
https://doi.org/10.1063/1.470117
-------- -------- --- Thank You --- -------- --------

Using a Gaussian width (1/beta) of 0.384195 nm for Ewald
Potential shift: LJ r^-12: -1.122e-01 r^-6: -3.349e-01, Ewald -8.333e-06
Initialized non-bonded Coulomb Ewald tables, spacing: 1.02e-03 size: 1176

Generated table with 1130 data points for 1-4 COUL.
Tabscale = 500 points/nm
Generated table with 1130 data points for 1-4 LJ6.
Tabscale = 500 points/nm
Generated table with 1130 data points for 1-4 LJ12.
Tabscale = 500 points/nm


Using SIMD2xMM 4x8 nonbonded short-range kernels

Using a 4x8 pair-list setup:
  updated every 10 steps, buffer 0.060 nm, rlist 1.260 nm

Using Lorentz-Berthelot Lennard-Jones combination rule
Removing pbc first time

Linking all bonded interactions to atoms


Initializing LINear Constraint Solver

++++ PLEASE READ AND CITE THE FOLLOWING REFERENCE ++++
B. Hess, H. Bekker, H. J. C. Berendsen, J. G. E. M. Fraaije
LINCS: A Linear Constraint Solver for molecular simulations
J. Comp. Chem. (1997)
https://doi.org/10.1002/(sici)1096-987x(199709)18:12<1463::aid-jcc4>3.0.co;2-h
-------- -------- --- Thank You --- -------- --------

The number of constraints is 7

Note that activating steepest-descent energy minimization via the integrator .mdp option and the command gmx mdrun may be available in a different form in a future version of GROMACS, e.g. gmx minimize and an .mdp option.
Initiating Steepest Descents

Atom distribution over 2 domains: av 6 stddev 3 min 5 max 8
Started Steepest Descents on rank 0 Wed May 27 16:52:38 2026


Steepest Descents:
   Tolerance (Fmax)   =  1.00000e+03
   Number of steps    =           10
           Step           Time
              0        0.00000

   Energies (kJ/mol)
           Bond            U-B    Proper Dih.  Improper Dih.          LJ-14
    5.69303e+01    2.07551e+01    2.02692e-01    7.57402e-02    2.09057e+01
     Coulomb-14        LJ (SR)   Coulomb (SR)   Coul. recip.      Potential
    3.82475e+02   -8.72733e-01   -6.42139e+02    6.05367e+01   -1.01131e+02
 Pressure (bar)   Constr. rmsd
   -8.48242e+01    5.56094e-05

           Step           Time
              1        1.00000

   Energies (kJ/mol)
           Bond            U-B    Proper Dih.  Improper Dih.          LJ-14
    6.22126e+00    1.23367e+01    9.89163e-02    2.31967e-02    2.03777e+01
     Coulomb-14        LJ (SR)   Coulomb (SR)   Coul. recip.      Potential
    3.81082e+02   -8.79139e-01   -6.47480e+02    5.82011e+01   -1.70017e+02
 Pressure (bar)   Constr. rmsd
    1.00418e+02    8.92888e-06

           Step           Time
              2        2.00000

           Step           Time
              3        3.00000

   Energies (kJ/mol)
           Bond            U-B    Proper Dih.  Improper Dih.          LJ-14
    3.95625e+00    4.73262e+00    1.01906e-01    6.85031e-02    1.52966e+01
     Coulomb-14        LJ (SR)   Coulomb (SR)   Coul. recip.      Potential
    3.80424e+02   -8.87639e-01   -6.43089e+02    6.01724e+01   -1.79224e+02
 Pressure (bar)   Constr. rmsd
   -4.88891e+00    3.48019e-06

           Step           Time
              4        4.00000

           Step           Time
              5        5.00000

   Energies (kJ/mol)
           Bond            U-B    Proper Dih.  Improper Dih.          LJ-14
    2.02138e+00    4.62115e+00    7.56084e-02    4.11327e-02    1.51593e+01
     Coulomb-14        LJ (SR)   Coulomb (SR)   Coul. recip.      Potential
    3.78999e+02   -8.87326e-01   -6.44699e+02    5.93751e+01   -1.85294e+02
 Pressure (bar)   Constr. rmsd
    4.27655e+01    9.25039e-07

           Step           Time
              6        6.00000

           Step           Time
              7        7.00000

   Energies (kJ/mol)
           Bond            U-B    Proper Dih.  Improper Dih.          LJ-14
    2.85007e-01    4.25512e+00    8.09939e-02    4.30106e-02    1.41133e+01
     Coulomb-14        LJ (SR)   Coulomb (SR)   Coul. recip.      Potential
    3.79111e+02   -8.91648e-01   -6.43610e+02    5.99983e+01   -1.86614e+02
 Pressure (bar)   Constr. rmsd
    1.22559e+01    4.26258e-07


Steepest Descents converged to Fmax < 1000 in 8 steps
Potential Energy  = -1.8661423e+02
Maximum force     =  9.8761267e+02 on atom 11
Norm of force     =  3.9260372e+02

    D O M A I N   D E C O M P O S I T I O N   S T A T I S T I C S

 av. #atoms communicated per step for force:  2 x 8.0

Finished mdrun on rank 0 Wed May 27 16:52:38 2026

